<?xml version="1.0" encoding="UTF-8"?>
<coverage generated="1634513693534" clover="3.2.0">
  <project timestamp="1634513693534" name="All files">
    <metrics statements="49" coveredstatements="40" conditionals="20" coveredconditionals="12" methods="11" coveredmethods="10" elements="80" coveredelements="62" complexity="0" loc="49" ncloc="49" packages="1" files="2" classes="2"/>
    <file name="CharacterDetailData.tsx" path="/home/annietran13/projects/session-tome/resources/js/Pages/Characterdetail/CharacterDetailData.tsx">
      <metrics statements="1" coveredstatements="1" conditionals="0" coveredconditionals="0" methods="0" coveredmethods="0"/>
      <line num="1" count="1" type="stmt"/>
    </file>
    <file name="CharacterDetailTable.tsx" path="/home/annietran13/projects/session-tome/resources/js/Pages/Characterdetail/CharacterDetailTable.tsx">
      <metrics statements="48" coveredstatements="39" conditionals="20" coveredconditionals="12" methods="11" coveredmethods="10"/>
      <line num="2" count="1" type="stmt"/>
      <line num="3" count="1" type="stmt"/>
      <line num="21" count="1" type="stmt"/>
      <line num="22" count="1" type="stmt"/>
      <line num="23" count="1" type="stmt"/>
      <line num="24" count="1" type="stmt"/>
      <line num="25" count="1" type="stmt"/>
      <line num="28" count="1" type="stmt"/>
      <line num="32" count="1" type="stmt"/>
      <line num="42" count="1" type="stmt"/>
      <line num="47" count="9" type="stmt"/>
      <line num="54" count="3" type="stmt"/>
      <line num="98" count="9" type="stmt"/>
      <line num="99" count="9" type="stmt"/>
      <line num="100" count="9" type="stmt"/>
      <line num="101" count="9" type="stmt"/>
      <line num="103" count="9" type="stmt"/>
      <line num="104" count="1" type="stmt"/>
      <line num="107" count="9" type="stmt"/>
      <line num="110" count="0" type="stmt"/>
      <line num="111" count="0" type="stmt"/>
      <line num="114" count="9" type="stmt"/>
      <line num="115" count="2" type="cond" truecount="1" falsecount="1"/>
      <line num="116" count="14" type="stmt"/>
      <line num="117" count="2" type="stmt"/>
      <line num="118" count="2" type="stmt"/>
      <line num="120" count="0" type="stmt"/>
      <line num="122" count="9" type="stmt"/>
      <line num="123" count="1" type="stmt"/>
      <line num="124" count="1" type="stmt"/>
      <line num="125" count="1" type="cond" truecount="1" falsecount="1"/>
      <line num="126" count="1" type="stmt"/>
      <line num="127" count="0" type="cond" truecount="0" falsecount="2"/>
      <line num="128" count="0" type="stmt"/>
      <line num="129" count="0" type="cond" truecount="0" falsecount="2"/>
      <line num="130" count="0" type="stmt"/>
      <line num="131" count="0" type="cond" truecount="0" falsecount="2"/>
      <line num="132" count="0" type="stmt"/>
      <line num="137" count="1" type="stmt"/>
      <line num="140" count="42" type="stmt"/>
      <line num="142" count="9" type="stmt"/>
      <line num="185" count="42" type="stmt"/>
      <line num="186" count="42" type="stmt"/>
      <line num="187" count="42" type="stmt"/>
      <line num="192" count="1" type="stmt"/>
      <line num="273" count="1" type="stmt"/>
      <line num="274" count="1" type="stmt"/>
      <line num="275" count="1" type="stmt"/>
    </file>
  </project>
</coverage>
