<?xml version="1.0" encoding="UTF-8"?>
<coverage generated="1635217167718" clover="3.2.0">
  <project timestamp="1635217167718" name="All files">
    <metrics statements="133" coveredstatements="92" conditionals="35" coveredconditionals="15" methods="33" coveredmethods="13" elements="201" coveredelements="120" complexity="0" loc="133" ncloc="133" packages="7" files="13" classes="13"/>
    <package name="js.Components">
      <metrics statements="5" coveredstatements="5" conditionals="0" coveredconditionals="0" methods="5" coveredmethods="1"/>
      <file name="index.ts" path="/home/annietran13/projects/session-tome/resources/js/Components/index.ts">
        <metrics statements="5" coveredstatements="5" conditionals="0" coveredconditionals="0" methods="5" coveredmethods="1"/>
        <line num="1" count="1" type="stmt"/>
        <line num="2" count="1" type="stmt"/>
        <line num="5" count="1" type="stmt"/>
        <line num="8" count="1" type="stmt"/>
        <line num="9" count="8" type="stmt"/>
      </file>
    </package>
    <package name="js.Components.Authentication">
      <metrics statements="37" coveredstatements="19" conditionals="6" coveredconditionals="2" methods="10" coveredmethods="0"/>
      <file name="Authentication.tsx" path="/home/annietran13/projects/session-tome/resources/js/Components/Authentication/Authentication.tsx">
        <metrics statements="19" coveredstatements="13" conditionals="4" coveredconditionals="2" methods="2" coveredmethods="0"/>
        <line num="1" count="1" type="stmt"/>
        <line num="2" count="1" type="stmt"/>
        <line num="3" count="1" type="stmt"/>
        <line num="4" count="1" type="stmt"/>
        <line num="5" count="1" type="stmt"/>
        <line num="6" count="1" type="stmt"/>
        <line num="7" count="1" type="stmt"/>
        <line num="8" count="1" type="stmt"/>
        <line num="10" count="1" type="cond" truecount="2" falsecount="0"/>
        <line num="19" count="1" type="stmt"/>
        <line num="21" count="1" type="stmt"/>
        <line num="22" count="0" type="stmt"/>
        <line num="27" count="0" type="stmt"/>
        <line num="28" count="0" type="stmt"/>
        <line num="29" count="0" type="stmt"/>
        <line num="31" count="0" type="stmt"/>
        <line num="50" count="0" type="stmt"/>
        <line num="75" count="1" type="stmt"/>
        <line num="76" count="1" type="stmt"/>
      </file>
      <file name="AuthenticationForm.tsx" path="/home/annietran13/projects/session-tome/resources/js/Components/Authentication/AuthenticationForm.tsx">
        <metrics statements="17" coveredstatements="5" conditionals="2" coveredconditionals="0" methods="7" coveredmethods="0"/>
        <line num="1" count="1" type="stmt"/>
        <line num="2" count="1" type="stmt"/>
        <line num="20" count="1" type="stmt"/>
        <line num="21" count="0" type="stmt"/>
        <line num="22" count="0" type="stmt"/>
        <line num="23" count="0" type="stmt"/>
        <line num="24" count="0" type="stmt"/>
        <line num="25" count="0" type="stmt"/>
        <line num="27" count="0" type="stmt"/>
        <line num="38" count="0" type="stmt"/>
        <line num="50" count="0" type="stmt"/>
        <line num="56" count="0" type="stmt"/>
        <line num="63" count="0" type="stmt"/>
        <line num="79" count="0" type="stmt"/>
        <line num="87" count="0" type="stmt"/>
        <line num="95" count="1" type="stmt"/>
        <line num="96" count="1" type="stmt"/>
      </file>
      <file name="index.ts" path="/home/annietran13/projects/session-tome/resources/js/Components/Authentication/index.ts">
        <metrics statements="1" coveredstatements="1" conditionals="0" coveredconditionals="0" methods="1" coveredmethods="0"/>
        <line num="1" count="1" type="stmt"/>
      </file>
    </package>
    <package name="js.Components.CharacterDetail">
      <metrics statements="13" coveredstatements="13" conditionals="0" coveredconditionals="0" methods="2" coveredmethods="0"/>
      <file name="CharacterDetailBox.tsx" path="/home/annietran13/projects/session-tome/resources/js/Components/CharacterDetail/CharacterDetailBox.tsx">
        <metrics statements="12" coveredstatements="12" conditionals="0" coveredconditionals="0" methods="1" coveredmethods="0"/>
        <line num="1" count="1" type="stmt"/>
        <line num="2" count="1" type="stmt"/>
        <line num="3" count="1" type="stmt"/>
        <line num="4" count="1" type="stmt"/>
        <line num="5" count="1" type="stmt"/>
        <line num="6" count="1" type="stmt"/>
        <line num="8" count="1" type="stmt"/>
        <line num="15" count="1" type="stmt"/>
        <line num="20" count="1" type="stmt"/>
        <line num="28" count="1" type="stmt"/>
        <line num="87" count="1" type="stmt"/>
        <line num="88" count="1" type="stmt"/>
      </file>
      <file name="index.ts" path="/home/annietran13/projects/session-tome/resources/js/Components/CharacterDetail/index.ts">
        <metrics statements="1" coveredstatements="1" conditionals="0" coveredconditionals="0" methods="1" coveredmethods="0"/>
        <line num="1" count="1" type="stmt"/>
      </file>
    </package>
    <package name="js.Components.FactionChip">
      <metrics statements="19" coveredstatements="6" conditionals="6" coveredconditionals="0" methods="2" coveredmethods="0"/>
      <file name="FactionChip.tsx" path="/home/annietran13/projects/session-tome/resources/js/Components/FactionChip/FactionChip.tsx">
        <metrics statements="18" coveredstatements="5" conditionals="6" coveredconditionals="0" methods="1" coveredmethods="0"/>
        <line num="1" count="1" type="stmt"/>
        <line num="2" count="1" type="stmt"/>
        <line num="8" count="1" type="stmt"/>
        <line num="10" count="0" type="stmt"/>
        <line num="12" count="0" type="stmt"/>
        <line num="13" count="0" type="stmt"/>
        <line num="16" count="0" type="stmt"/>
        <line num="17" count="0" type="stmt"/>
        <line num="20" count="0" type="stmt"/>
        <line num="21" count="0" type="stmt"/>
        <line num="24" count="0" type="stmt"/>
        <line num="25" count="0" type="stmt"/>
        <line num="28" count="0" type="stmt"/>
        <line num="29" count="0" type="stmt"/>
        <line num="32" count="0" type="stmt"/>
        <line num="34" count="0" type="stmt"/>
        <line num="37" count="1" type="stmt"/>
        <line num="38" count="1" type="stmt"/>
      </file>
      <file name="index.ts" path="/home/annietran13/projects/session-tome/resources/js/Components/FactionChip/index.ts">
        <metrics statements="1" coveredstatements="1" conditionals="0" coveredconditionals="0" methods="1" coveredmethods="0"/>
        <line num="1" count="1" type="stmt"/>
      </file>
    </package>
    <package name="js.Components.Table">
      <metrics statements="53" coveredstatements="44" conditionals="20" coveredconditionals="12" methods="13" coveredmethods="11"/>
      <file name="CharacterDetailTable.tsx" path="/home/annietran13/projects/session-tome/resources/js/Components/Table/CharacterDetailTable.tsx">
        <metrics statements="43" coveredstatements="34" conditionals="14" coveredconditionals="6" methods="9" coveredmethods="8"/>
        <line num="1" count="1" type="stmt"/>
        <line num="2" count="1" type="stmt"/>
        <line num="16" count="1" type="stmt"/>
        <line num="17" count="1" type="stmt"/>
        <line num="18" count="1" type="stmt"/>
        <line num="19" count="1" type="stmt"/>
        <line num="22" count="1" type="stmt"/>
        <line num="26" count="1" type="stmt"/>
        <line num="40" count="7" type="stmt"/>
        <line num="41" count="7" type="stmt"/>
        <line num="42" count="7" type="stmt"/>
        <line num="43" count="7" type="stmt"/>
        <line num="45" count="7" type="stmt"/>
        <line num="46" count="1" type="stmt"/>
        <line num="49" count="7" type="stmt"/>
        <line num="52" count="0" type="stmt"/>
        <line num="53" count="0" type="stmt"/>
        <line num="56" count="7" type="stmt"/>
        <line num="57" count="1" type="cond" truecount="1" falsecount="1"/>
        <line num="58" count="7" type="stmt"/>
        <line num="59" count="1" type="stmt"/>
        <line num="60" count="1" type="stmt"/>
        <line num="62" count="0" type="stmt"/>
        <line num="64" count="7" type="stmt"/>
        <line num="65" count="1" type="stmt"/>
        <line num="66" count="1" type="stmt"/>
        <line num="67" count="1" type="cond" truecount="1" falsecount="1"/>
        <line num="68" count="1" type="stmt"/>
        <line num="69" count="0" type="cond" truecount="0" falsecount="2"/>
        <line num="70" count="0" type="stmt"/>
        <line num="71" count="0" type="cond" truecount="0" falsecount="2"/>
        <line num="72" count="0" type="stmt"/>
        <line num="73" count="0" type="cond" truecount="0" falsecount="2"/>
        <line num="74" count="0" type="stmt"/>
        <line num="79" count="1" type="stmt"/>
        <line num="82" count="32" type="stmt"/>
        <line num="84" count="7" type="stmt"/>
        <line num="127" count="32" type="stmt"/>
        <line num="128" count="32" type="stmt"/>
        <line num="129" count="32" type="stmt"/>
        <line num="138" count="1" type="stmt"/>
        <line num="217" count="1" type="stmt"/>
        <line num="218" count="1" type="stmt"/>
      </file>
      <file name="TableToolbar.tsx" path="/home/annietran13/projects/session-tome/resources/js/Components/Table/TableToolbar.tsx">
        <metrics statements="8" coveredstatements="8" conditionals="6" coveredconditionals="6" methods="2" coveredmethods="2"/>
        <line num="1" count="1" type="stmt"/>
        <line num="2" count="1" type="stmt"/>
        <line num="10" count="1" type="stmt"/>
        <line num="11" count="1" type="stmt"/>
        <line num="13" count="7" type="stmt"/>
        <line num="20" count="2" type="stmt"/>
        <line num="60" count="1" type="stmt"/>
        <line num="61" count="1" type="stmt"/>
      </file>
      <file name="index.ts" path="/home/annietran13/projects/session-tome/resources/js/Components/Table/index.ts">
        <metrics statements="2" coveredstatements="2" conditionals="0" coveredconditionals="0" methods="2" coveredmethods="1"/>
        <line num="1" count="1" type="stmt"/>
        <line num="2" count="8" type="stmt"/>
      </file>
    </package>
    <package name="js.Utils">
      <metrics statements="5" coveredstatements="4" conditionals="3" coveredconditionals="1" methods="1" coveredmethods="1"/>
      <file name="theme.ts" path="/home/annietran13/projects/session-tome/resources/js/Utils/theme.ts">
        <metrics statements="5" coveredstatements="4" conditionals="3" coveredconditionals="1" methods="1" coveredmethods="1"/>
        <line num="1" count="1" type="stmt"/>
        <line num="5" count="1" type="stmt"/>
        <line num="6" count="1" type="stmt"/>
        <line num="8" count="1" type="stmt"/>
        <line num="27" count="0" type="stmt"/>
      </file>
    </package>
    <package name="mock">
      <metrics statements="1" coveredstatements="1" conditionals="0" coveredconditionals="0" methods="0" coveredmethods="0"/>
      <file name="character-detail-data.tsx" path="/home/annietran13/projects/session-tome/resources/mock/character-detail-data.tsx">
        <metrics statements="1" coveredstatements="1" conditionals="0" coveredconditionals="0" methods="0" coveredmethods="0"/>
        <line num="1" count="1" type="stmt"/>
      </file>
    </package>
  </project>
</coverage>
