{"/home/annietran13/projects/session-tome/resources/js/Components/index.ts": {"path":"/home/annietran13/projects/session-tome/resources/js/Components/index.ts","statementMap":{"0":{"start":{"line":1,"column":0},"end":{"line":1,"column":8}},"1":{"start":{"line":1,"column":8},"end":{"line":1,"column":33}},"2":{"start":{"line":2,"column":0},"end":{"line":2,"column":8}},"3":{"start":{"line":2,"column":8},"end":{"line":2,"column":30}},"4":{"start":{"line":5,"column":0},"end":{"line":5,"column":8}},"5":{"start":{"line":5,"column":8},"end":{"line":5,"column":52}},"6":{"start":{"line":8,"column":0},"end":{"line":8,"column":8}},"7":{"start":{"line":8,"column":8},"end":{"line":8,"column":44}},"8":{"start":{"line":9,"column":0},"end":{"line":9,"column":8}},"9":{"start":{"line":9,"column":8},"end":{"line":9,"column":36}}},"fnMap":{"0":{"name":"(anonymous_1)","decl":{"start":{"line":1,"column":8},"end":{"line":1,"column":15}},"loc":{"start":{"line":1,"column":8},"end":{"line":1,"column":33}}},"1":{"name":"(anonymous_2)","decl":{"start":{"line":2,"column":8},"end":{"line":2,"column":15}},"loc":{"start":{"line":2,"column":8},"end":{"line":2,"column":30}}},"2":{"name":"(anonymous_3)","decl":{"start":{"line":5,"column":8},"end":{"line":5,"column":26}},"loc":{"start":{"line":5,"column":8},"end":{"line":5,"column":52}}},"3":{"name":"(anonymous_4)","decl":{"start":{"line":8,"column":8},"end":{"line":8,"column":28}},"loc":{"start":{"line":8,"column":8},"end":{"line":8,"column":44}}},"4":{"name":"(anonymous_5)","decl":{"start":{"line":9,"column":8},"end":{"line":9,"column":20}},"loc":{"start":{"line":9,"column":8},"end":{"line":9,"column":36}}}},"branchMap":{},"s":{"0":1,"1":1,"2":1,"3":1,"4":1,"5":1,"6":1,"7":1,"8":1,"9":8},"f":{"0":0,"1":0,"2":0,"3":0,"4":7},"b":{}}
,"/home/annietran13/projects/session-tome/resources/js/Components/Authentication/Authentication.tsx": {"path":"/home/annietran13/projects/session-tome/resources/js/Components/Authentication/Authentication.tsx","statementMap":{"0":{"start":{"line":1,"column":0},"end":{"line":1,"column":37}},"1":{"start":{"line":2,"column":0},"end":{"line":2,"column":53}},"2":{"start":{"line":3,"column":0},"end":{"line":3,"column":38}},"3":{"start":{"line":4,"column":0},"end":{"line":4,"column":48}},"4":{"start":{"line":5,"column":0},"end":{"line":5,"column":28}},"5":{"start":{"line":6,"column":0},"end":{"line":6,"column":50}},"6":{"start":{"line":7,"column":0},"end":{"line":7,"column":46}},"7":{"start":{"line":8,"column":0},"end":{"line":8,"column":53}},"8":{"start":{"line":10,"column":18},"end":{"line":12,"column":null}},"9":{"start":{"line":19,"column":14},"end":{"line":19,"column":34}},"10":{"start":{"line":21,"column":23},"end":{"line":73,"column":1}},"11":{"start":{"line":21,"column":33},"end":{"line":21,"column":35}},"12":{"start":{"line":21,"column":46},"end":{"line":21,"column":71}},"13":{"start":{"line":22,"column":34},"end":{"line":26,"column":6}},"14":{"start":{"line":22,"column":15},"end":{"line":22,"column":17}},"15":{"start":{"line":22,"column":24},"end":{"line":22,"column":26}},"16":{"start":{"line":22,"column":30},"end":{"line":22,"column":34}},"17":{"start":{"line":27,"column":42},"end":{"line":27,"column":61}},"18":{"start":{"line":27,"column":22},"end":{"line":27,"column":24}},"19":{"start":{"line":27,"column":38},"end":{"line":27,"column":42}},"20":{"start":{"line":28,"column":17},"end":{"line":28,"column":34}},"21":{"start":{"line":29,"column":32},"end":{"line":29,"column":53}},"22":{"start":{"line":31,"column":4},"end":{"line":72,"column":null}},"23":{"start":{"line":50,"column":32},"end":{"line":50,"column":null}},"24":{"start":{"line":75,"column":0},"end":{"line":75,"column":null}},"25":{"start":{"line":76,"column":0},"end":{"line":76,"column":null}}},"fnMap":{"0":{"name":"(anonymous_10)","decl":{"start":{"line":21,"column":23},"end":{"line":21,"column":24}},"loc":{"start":{"line":21,"column":71},"end":{"line":73,"column":1}}},"1":{"name":"(anonymous_11)","decl":{"start":{"line":49,"column":38},"end":{"line":49,"column":39}},"loc":{"start":{"line":49,"column":50},"end":{"line":50,"column":46}}}},"branchMap":{"0":{"loc":{"start":{"line":10,"column":29},"end":{"line":10,"column":null}},"type":"binary-expr","locations":[{"start":{"line":10,"column":29},"end":{"line":10,"column":null}},{"start":{"line":10,"column":29},"end":{"line":12,"column":null}}]},"1":{"loc":{"start":{"line":57,"column":24},"end":{"line":60,"column":null}},"type":"cond-expr","locations":[{"start":{"line":57,"column":24},"end":{"line":60,"column":null}},{"start":{"line":63,"column":24},"end":{"line":66,"column":null}}]}},"s":{"0":1,"1":1,"2":1,"3":1,"4":1,"5":1,"6":1,"7":1,"8":1,"9":1,"10":1,"11":0,"12":0,"13":0,"14":0,"15":0,"16":0,"17":0,"18":0,"19":0,"20":0,"21":0,"22":0,"23":0,"24":1,"25":1},"f":{"0":0,"1":0},"b":{"0":[1,1],"1":[0,0]}}
,"/home/annietran13/projects/session-tome/resources/js/Components/Authentication/AuthenticationForm.tsx": {"path":"/home/annietran13/projects/session-tome/resources/js/Components/Authentication/AuthenticationForm.tsx","statementMap":{"0":{"start":{"line":1,"column":0},"end":{"line":1,"column":25}},"1":{"start":{"line":2,"column":0},"end":{"line":2,"column":52}},"2":{"start":{"line":20,"column":27},"end":{"line":93,"column":1}},"3":{"start":{"line":21,"column":8},"end":{"line":21,"column":null}},"4":{"start":{"line":22,"column":11},"end":{"line":22,"column":null}},"5":{"start":{"line":23,"column":8},"end":{"line":23,"column":null}},"6":{"start":{"line":24,"column":8},"end":{"line":24,"column":null}},"7":{"start":{"line":25,"column":9},"end":{"line":25,"column":null}},"8":{"start":{"line":27,"column":29},"end":{"line":27,"column":null}},"9":{"start":{"line":27,"column":35},"end":{"line":54,"column":null}},"10":{"start":{"line":38,"column":33},"end":{"line":38,"column":null}},"11":{"start":{"line":50,"column":33},"end":{"line":50,"column":null}},"12":{"start":{"line":56,"column":4},"end":{"line":92,"column":null}},"13":{"start":{"line":63,"column":31},"end":{"line":63,"column":null}},"14":{"start":{"line":79,"column":33},"end":{"line":79,"column":null}},"15":{"start":{"line":87,"column":31},"end":{"line":87,"column":null}},"16":{"start":{"line":95,"column":0},"end":{"line":95,"column":null}},"17":{"start":{"line":96,"column":0},"end":{"line":96,"column":null}}},"fnMap":{"0":{"name":"(anonymous_1)","decl":{"start":{"line":20,"column":27},"end":{"line":20,"column":28}},"loc":{"start":{"line":26,"column":29},"end":{"line":93,"column":1}}},"1":{"name":"(anonymous_2)","decl":{"start":{"line":27,"column":29},"end":{"line":27,"column":35}},"loc":{"start":{"line":27,"column":29},"end":{"line":27,"column":null}}},"2":{"name":"(anonymous_3)","decl":{"start":{"line":38,"column":26},"end":{"line":38,"column":27}},"loc":{"start":{"line":38,"column":28},"end":{"line":38,"column":40}}},"3":{"name":"(anonymous_4)","decl":{"start":{"line":50,"column":26},"end":{"line":50,"column":27}},"loc":{"start":{"line":50,"column":28},"end":{"line":50,"column":40}}},"4":{"name":"(anonymous_5)","decl":{"start":{"line":63,"column":25},"end":{"line":63,"column":31}},"loc":{"start":{"line":63,"column":25},"end":{"line":63,"column":35}}},"5":{"name":"(anonymous_6)","decl":{"start":{"line":79,"column":26},"end":{"line":79,"column":27}},"loc":{"start":{"line":79,"column":28},"end":{"line":79,"column":40}}},"6":{"name":"(anonymous_7)","decl":{"start":{"line":87,"column":25},"end":{"line":87,"column":31}},"loc":{"start":{"line":87,"column":25},"end":{"line":87,"column":35}}}},"branchMap":{"0":{"loc":{"start":{"line":57,"column":8},"end":{"line":66,"column":null}},"type":"cond-expr","locations":[{"start":{"line":57,"column":8},"end":{"line":66,"column":null}},{"start":{"line":69,"column":8},"end":{"line":90,"column":null}}]}},"s":{"0":1,"1":1,"2":1,"3":0,"4":0,"5":0,"6":0,"7":0,"8":0,"9":0,"10":0,"11":0,"12":0,"13":0,"14":0,"15":0,"16":1,"17":1},"f":{"0":0,"1":0,"2":0,"3":0,"4":0,"5":0,"6":0},"b":{"0":[0,0]}}
,"/home/annietran13/projects/session-tome/resources/js/Components/Authentication/index.ts": {"path":"/home/annietran13/projects/session-tome/resources/js/Components/Authentication/index.ts","statementMap":{"0":{"start":{"line":1,"column":0},"end":{"line":1,"column":8}},"1":{"start":{"line":1,"column":8},"end":{"line":1,"column":40}}},"fnMap":{"0":{"name":"(anonymous_1)","decl":{"start":{"line":1,"column":8},"end":{"line":1,"column":15}},"loc":{"start":{"line":1,"column":8},"end":{"line":1,"column":40}}}},"branchMap":{},"s":{"0":1,"1":1},"f":{"0":0},"b":{}}
,"/home/annietran13/projects/session-tome/resources/js/Components/CharacterDetail/CharacterDetailBox.tsx": {"path":"/home/annietran13/projects/session-tome/resources/js/Components/CharacterDetail/CharacterDetailBox.tsx","statementMap":{"0":{"start":{"line":1,"column":0},"end":{"line":1,"column":25}},"1":{"start":{"line":2,"column":0},"end":{"line":2,"column":66}},"2":{"start":{"line":3,"column":0},"end":{"line":3,"column":38}},"3":{"start":{"line":4,"column":0},"end":{"line":4,"column":51}},"4":{"start":{"line":5,"column":0},"end":{"line":5,"column":55}},"5":{"start":{"line":6,"column":0},"end":{"line":6,"column":55}},"6":{"start":{"line":8,"column":12},"end":{"line":13,"column":2}},"7":{"start":{"line":15,"column":25},"end":{"line":18,"column":2}},"8":{"start":{"line":20,"column":20},"end":{"line":26,"column":2}},"9":{"start":{"line":28,"column":27},"end":{"line":28,"column":null}},"10":{"start":{"line":28,"column":33},"end":{"line":85,"column":null}},"11":{"start":{"line":87,"column":0},"end":{"line":87,"column":null}},"12":{"start":{"line":88,"column":0},"end":{"line":88,"column":null}}},"fnMap":{"0":{"name":"(anonymous_1)","decl":{"start":{"line":28,"column":27},"end":{"line":28,"column":33}},"loc":{"start":{"line":28,"column":27},"end":{"line":28,"column":null}}}},"branchMap":{},"s":{"0":1,"1":1,"2":1,"3":1,"4":1,"5":1,"6":1,"7":1,"8":1,"9":1,"10":0,"11":1,"12":1},"f":{"0":0},"b":{}}
,"/home/annietran13/projects/session-tome/resources/js/Components/CharacterDetail/index.ts": {"path":"/home/annietran13/projects/session-tome/resources/js/Components/CharacterDetail/index.ts","statementMap":{"0":{"start":{"line":1,"column":0},"end":{"line":1,"column":8}},"1":{"start":{"line":1,"column":8},"end":{"line":1,"column":37}}},"fnMap":{"0":{"name":"(anonymous_1)","decl":{"start":{"line":1,"column":8},"end":{"line":1,"column":15}},"loc":{"start":{"line":1,"column":8},"end":{"line":1,"column":37}}}},"branchMap":{},"s":{"0":1,"1":1},"f":{"0":0},"b":{}}
,"/home/annietran13/projects/session-tome/resources/js/Components/FactionChip/FactionChip.tsx": {"path":"/home/annietran13/projects/session-tome/resources/js/Components/FactionChip/FactionChip.tsx","statementMap":{"0":{"start":{"line":1,"column":0},"end":{"line":1,"column":25}},"1":{"start":{"line":2,"column":0},"end":{"line":2,"column":37}},"2":{"start":{"line":8,"column":20},"end":{"line":35,"column":1}},"3":{"start":{"line":8,"column":27},"end":{"line":8,"column":49}},"4":{"start":{"line":10,"column":4},"end":{"line":33,"column":null}},"5":{"start":{"line":12,"column":12},"end":{"line":12,"column":null}},"6":{"start":{"line":13,"column":12},"end":{"line":13,"column":17}},"7":{"start":{"line":16,"column":12},"end":{"line":16,"column":null}},"8":{"start":{"line":17,"column":12},"end":{"line":17,"column":17}},"9":{"start":{"line":20,"column":12},"end":{"line":20,"column":null}},"10":{"start":{"line":21,"column":12},"end":{"line":21,"column":17}},"11":{"start":{"line":24,"column":12},"end":{"line":24,"column":null}},"12":{"start":{"line":25,"column":12},"end":{"line":25,"column":17}},"13":{"start":{"line":28,"column":12},"end":{"line":28,"column":null}},"14":{"start":{"line":29,"column":12},"end":{"line":29,"column":17}},"15":{"start":{"line":32,"column":12},"end":{"line":32,"column":null}},"16":{"start":{"line":34,"column":4},"end":{"line":34,"column":null}},"17":{"start":{"line":37,"column":0},"end":{"line":37,"column":null}},"18":{"start":{"line":38,"column":0},"end":{"line":38,"column":null}}},"fnMap":{"0":{"name":"(anonymous_1)","decl":{"start":{"line":8,"column":20},"end":{"line":8,"column":21}},"loc":{"start":{"line":8,"column":49},"end":{"line":35,"column":1}}}},"branchMap":{"0":{"loc":{"start":{"line":11,"column":8},"end":{"line":13,"column":17}},"type":"switch","locations":[{"start":{"line":11,"column":8},"end":{"line":13,"column":17}},{"start":{"line":15,"column":8},"end":{"line":17,"column":17}},{"start":{"line":19,"column":8},"end":{"line":21,"column":17}},{"start":{"line":23,"column":8},"end":{"line":25,"column":17}},{"start":{"line":27,"column":8},"end":{"line":29,"column":17}},{"start":{"line":31,"column":8},"end":{"line":32,"column":null}}]}},"s":{"0":1,"1":1,"2":1,"3":0,"4":0,"5":0,"6":0,"7":0,"8":0,"9":0,"10":0,"11":0,"12":0,"13":0,"14":0,"15":0,"16":0,"17":1,"18":1},"f":{"0":0},"b":{"0":[0,0,0,0,0,0]}}
,"/home/annietran13/projects/session-tome/resources/js/Components/FactionChip/index.ts": {"path":"/home/annietran13/projects/session-tome/resources/js/Components/FactionChip/index.ts","statementMap":{"0":{"start":{"line":1,"column":0},"end":{"line":1,"column":8}},"1":{"start":{"line":1,"column":8},"end":{"line":1,"column":37}}},"fnMap":{"0":{"name":"(anonymous_1)","decl":{"start":{"line":1,"column":8},"end":{"line":1,"column":15}},"loc":{"start":{"line":1,"column":8},"end":{"line":1,"column":37}}}},"branchMap":{},"s":{"0":1,"1":1},"f":{"0":0},"b":{}}
,"/home/annietran13/projects/session-tome/resources/js/Components/Table/CharacterDetailTable.tsx": {"path":"/home/annietran13/projects/session-tome/resources/js/Components/Table/CharacterDetailTable.tsx","statementMap":{"0":{"start":{"line":1,"column":0},"end":{"line":1,"column":37}},"1":{"start":{"line":2,"column":0},"end":{"line":2,"column":null}},"2":{"start":{"line":16,"column":0},"end":{"line":16,"column":55}},"3":{"start":{"line":17,"column":0},"end":{"line":17,"column":51}},"4":{"start":{"line":18,"column":0},"end":{"line":18,"column":51}},"5":{"start":{"line":19,"column":0},"end":{"line":19,"column":39}},"6":{"start":{"line":22,"column":24},"end":{"line":24,"column":2}},"7":{"start":{"line":26,"column":20},"end":{"line":34,"column":2}},"8":{"start":{"line":40,"column":29},"end":{"line":215,"column":1}},"9":{"start":{"line":40,"column":35},"end":{"line":40,"column":66}},"10":{"start":{"line":41,"column":36},"end":{"line":41,"column":67}},"11":{"start":{"line":41,"column":19},"end":{"line":41,"column":21}},"12":{"start":{"line":41,"column":32},"end":{"line":41,"column":36}},"13":{"start":{"line":42,"column":28},"end":{"line":42,"column":45}},"14":{"start":{"line":42,"column":15},"end":{"line":42,"column":17}},"15":{"start":{"line":42,"column":24},"end":{"line":42,"column":28}},"16":{"start":{"line":43,"column":42},"end":{"line":43,"column":59}},"17":{"start":{"line":43,"column":22},"end":{"line":43,"column":24}},"18":{"start":{"line":43,"column":38},"end":{"line":43,"column":42}},"19":{"start":{"line":45,"column":29},"end":{"line":47,"column":5}},"20":{"start":{"line":46,"column":8},"end":{"line":46,"column":null}},"21":{"start":{"line":49,"column":36},"end":{"line":54,"column":5}},"22":{"start":{"line":52,"column":8},"end":{"line":52,"column":null}},"23":{"start":{"line":53,"column":8},"end":{"line":53,"column":null}},"24":{"start":{"line":56,"column":33},"end":{"line":63,"column":5}},"25":{"start":{"line":57,"column":8},"end":{"line":61,"column":null}},"26":{"start":{"line":58,"column":33},"end":{"line":58,"column":56}},"27":{"start":{"line":58,"column":49},"end":{"line":58,"column":56}},"28":{"start":{"line":59,"column":12},"end":{"line":59,"column":null}},"29":{"start":{"line":60,"column":12},"end":{"line":60,"column":18}},"30":{"start":{"line":62,"column":8},"end":{"line":62,"column":null}},"31":{"start":{"line":64,"column":24},"end":{"line":80,"column":5}},"32":{"start":{"line":65,"column":30},"end":{"line":65,"column":52}},"33":{"start":{"line":66,"column":45},"end":{"line":66,"column":47}},"34":{"start":{"line":67,"column":8},"end":{"line":78,"column":null}},"35":{"start":{"line":68,"column":12},"end":{"line":68,"column":null}},"36":{"start":{"line":69,"column":15},"end":{"line":78,"column":null}},"37":{"start":{"line":70,"column":12},"end":{"line":70,"column":null}},"38":{"start":{"line":71,"column":15},"end":{"line":78,"column":null}},"39":{"start":{"line":72,"column":12},"end":{"line":72,"column":null}},"40":{"start":{"line":73,"column":15},"end":{"line":78,"column":null}},"41":{"start":{"line":74,"column":12},"end":{"line":77,"column":null}},"42":{"start":{"line":79,"column":8},"end":{"line":79,"column":null}},"43":{"start":{"line":82,"column":23},"end":{"line":82,"column":49}},"44":{"start":{"line":82,"column":41},"end":{"line":82,"column":null}},"45":{"start":{"line":84,"column":4},"end":{"line":214,"column":null}},"46":{"start":{"line":127,"column":55},"end":{"line":127,"column":75}},"47":{"start":{"line":128,"column":48},"end":{"line":128,"column":82}},"48":{"start":{"line":129,"column":32},"end":{"line":199,"column":null}},"49":{"start":{"line":138,"column":44},"end":{"line":138,"column":null}},"50":{"start":{"line":217,"column":0},"end":{"line":217,"column":null}},"51":{"start":{"line":218,"column":0},"end":{"line":218,"column":null}}},"fnMap":{"0":{"name":"(anonymous_7)","decl":{"start":{"line":40,"column":29},"end":{"line":40,"column":30}},"loc":{"start":{"line":40,"column":66},"end":{"line":215,"column":1}}},"1":{"name":"(anonymous_8)","decl":{"start":{"line":45,"column":29},"end":{"line":45,"column":30}},"loc":{"start":{"line":45,"column":61},"end":{"line":47,"column":5}}},"2":{"name":"(anonymous_9)","decl":{"start":{"line":49,"column":36},"end":{"line":49,"column":null}},"loc":{"start":{"line":50,"column":50},"end":{"line":54,"column":5}}},"3":{"name":"(anonymous_10)","decl":{"start":{"line":56,"column":33},"end":{"line":56,"column":34}},"loc":{"start":{"line":56,"column":44},"end":{"line":63,"column":5}}},"4":{"name":"(anonymous_11)","decl":{"start":{"line":58,"column":42},"end":{"line":58,"column":43}},"loc":{"start":{"line":58,"column":44},"end":{"line":58,"column":50}}},"5":{"name":"(anonymous_12)","decl":{"start":{"line":64,"column":24},"end":{"line":64,"column":25}},"loc":{"start":{"line":64,"column":49},"end":{"line":80,"column":5}}},"6":{"name":"(anonymous_13)","decl":{"start":{"line":82,"column":23},"end":{"line":82,"column":24}},"loc":{"start":{"line":82,"column":36},"end":{"line":82,"column":49}}},"7":{"name":"(anonymous_14)","decl":{"start":{"line":126,"column":33},"end":{"line":126,"column":34}},"loc":{"start":{"line":126,"column":61},"end":{"line":200,"column":29}}},"8":{"name":"(anonymous_15)","decl":{"start":{"line":137,"column":49},"end":{"line":137,"column":50}},"loc":{"start":{"line":137,"column":55},"end":{"line":138,"column":55}}}},"branchMap":{"0":{"loc":{"start":{"line":57,"column":8},"end":{"line":61,"column":null}},"type":"if","locations":[{"start":{"line":57,"column":8},"end":{"line":61,"column":null}},{"start":{"line":57,"column":8},"end":{"line":61,"column":null}}]},"1":{"loc":{"start":{"line":67,"column":8},"end":{"line":78,"column":null}},"type":"if","locations":[{"start":{"line":67,"column":8},"end":{"line":78,"column":null}},{"start":{"line":67,"column":8},"end":{"line":78,"column":null}}]},"2":{"loc":{"start":{"line":69,"column":15},"end":{"line":78,"column":null}},"type":"if","locations":[{"start":{"line":69,"column":15},"end":{"line":78,"column":null}},{"start":{"line":69,"column":15},"end":{"line":78,"column":null}}]},"3":{"loc":{"start":{"line":71,"column":15},"end":{"line":78,"column":null}},"type":"if","locations":[{"start":{"line":71,"column":15},"end":{"line":78,"column":null}},{"start":{"line":71,"column":15},"end":{"line":78,"column":null}}]},"4":{"loc":{"start":{"line":73,"column":15},"end":{"line":78,"column":null}},"type":"if","locations":[{"start":{"line":73,"column":15},"end":{"line":78,"column":null}},{"start":{"line":73,"column":15},"end":{"line":78,"column":null}}]},"5":{"loc":{"start":{"line":97,"column":40},"end":{"line":97,"column":59}},"type":"binary-expr","locations":[{"start":{"line":97,"column":40},"end":{"line":97,"column":59}},{"start":{"line":98,"column":40},"end":{"line":98,"column":69}}]},"6":{"loc":{"start":{"line":101,"column":40},"end":{"line":101,"column":55}},"type":"binary-expr","locations":[{"start":{"line":101,"column":40},"end":{"line":101,"column":55}},{"start":{"line":102,"column":40},"end":{"line":102,"column":71}}]}},"s":{"0":1,"1":1,"2":1,"3":1,"4":1,"5":1,"6":1,"7":1,"8":1,"9":7,"10":7,"11":7,"12":7,"13":7,"14":7,"15":7,"16":7,"17":7,"18":7,"19":7,"20":1,"21":7,"22":0,"23":0,"24":7,"25":1,"26":1,"27":7,"28":1,"29":1,"30":0,"31":7,"32":1,"33":1,"34":1,"35":1,"36":0,"37":0,"38":0,"39":0,"40":0,"41":0,"42":1,"43":7,"44":32,"45":7,"46":32,"47":32,"48":32,"49":1,"50":1,"51":1},"f":{"0":7,"1":1,"2":0,"3":1,"4":7,"5":1,"6":32,"7":32,"8":1},"b":{"0":[1,0],"1":[1,0],"2":[0,0],"3":[0,0],"4":[0,0],"5":[7,2],"6":[7,7]}}
,"/home/annietran13/projects/session-tome/resources/js/Components/Table/TableToolbar.tsx": {"path":"/home/annietran13/projects/session-tome/resources/js/Components/Table/TableToolbar.tsx","statementMap":{"0":{"start":{"line":1,"column":0},"end":{"line":1,"column":25}},"1":{"start":{"line":2,"column":0},"end":{"line":2,"column":null}},"2":{"start":{"line":10,"column":0},"end":{"line":10,"column":51}},"3":{"start":{"line":11,"column":0},"end":{"line":11,"column":63}},"4":{"start":{"line":13,"column":21},"end":{"line":13,"column":null}},"5":{"start":{"line":13,"column":34},"end":{"line":13,"column":58}},"6":{"start":{"line":13,"column":63},"end":{"line":58,"column":null}},"7":{"start":{"line":20,"column":20},"end":{"line":23,"column":null}},"8":{"start":{"line":60,"column":0},"end":{"line":60,"column":null}},"9":{"start":{"line":61,"column":0},"end":{"line":61,"column":null}}},"fnMap":{"0":{"name":"(anonymous_3)","decl":{"start":{"line":13,"column":21},"end":{"line":13,"column":22}},"loc":{"start":{"line":13,"column":58},"end":{"line":13,"column":null}}},"1":{"name":"(anonymous_4)","decl":{"start":{"line":19,"column":25},"end":{"line":19,"column":26}},"loc":{"start":{"line":19,"column":31},"end":{"line":20,"column":25}}}},"branchMap":{"0":{"loc":{"start":{"line":18,"column":16},"end":{"line":18,"column":31}},"type":"binary-expr","locations":[{"start":{"line":18,"column":16},"end":{"line":18,"column":31}},{"start":{"line":18,"column":35},"end":{"line":24,"column":14}}]},"1":{"loc":{"start":{"line":27,"column":12},"end":{"line":33,"column":null}},"type":"cond-expr","locations":[{"start":{"line":27,"column":12},"end":{"line":33,"column":null}},{"start":{"line":35,"column":12},"end":{"line":39,"column":null}}]},"2":{"loc":{"start":{"line":44,"column":12},"end":{"line":54,"column":null}},"type":"cond-expr","locations":[{"start":{"line":44,"column":12},"end":{"line":54,"column":null}},{"start":{"line":56,"column":12},"end":{"line":56,"column":16}}]}},"s":{"0":1,"1":1,"2":1,"3":1,"4":1,"5":7,"6":7,"7":2,"8":1,"9":1},"f":{"0":7,"1":2},"b":{"0":[7,2],"1":[2,5],"2":[2,5]}}
,"/home/annietran13/projects/session-tome/resources/js/Components/Table/index.ts": {"path":"/home/annietran13/projects/session-tome/resources/js/Components/Table/index.ts","statementMap":{"0":{"start":{"line":1,"column":0},"end":{"line":1,"column":8}},"1":{"start":{"line":1,"column":8},"end":{"line":1,"column":39}},"2":{"start":{"line":2,"column":0},"end":{"line":2,"column":8}},"3":{"start":{"line":2,"column":8},"end":{"line":2,"column":31}}},"fnMap":{"0":{"name":"(anonymous_1)","decl":{"start":{"line":1,"column":8},"end":{"line":1,"column":15}},"loc":{"start":{"line":1,"column":8},"end":{"line":1,"column":39}}},"1":{"name":"(anonymous_2)","decl":{"start":{"line":2,"column":8},"end":{"line":2,"column":15}},"loc":{"start":{"line":2,"column":8},"end":{"line":2,"column":31}}}},"branchMap":{},"s":{"0":1,"1":1,"2":1,"3":8},"f":{"0":0,"1":7},"b":{}}
,"/home/annietran13/projects/session-tome/resources/js/Utils/theme.ts": {"path":"/home/annietran13/projects/session-tome/resources/js/Utils/theme.ts","statementMap":{"0":{"start":{"line":1,"column":0},"end":{"line":1,"column":48}},"1":{"start":{"line":5,"column":28},"end":{"line":45,"column":1}},"2":{"start":{"line":6,"column":4},"end":{"line":44,"column":null}},"3":{"start":{"line":8,"column":12},"end":{"line":24,"column":null}},"4":{"start":{"line":27,"column":12},"end":{"line":43,"column":null}},"5":{"start":{"line":5,"column":13},"end":{"line":5,"column":28}}},"fnMap":{"0":{"name":"(anonymous_0)","decl":{"start":{"line":5,"column":28},"end":{"line":5,"column":29}},"loc":{"start":{"line":5,"column":63},"end":{"line":45,"column":1}}}},"branchMap":{"0":{"loc":{"start":{"line":7,"column":8},"end":{"line":24,"column":null}},"type":"switch","locations":[{"start":{"line":7,"column":8},"end":{"line":24,"column":null}},{"start":{"line":25,"column":8},"end":{"line":25,"column":16}},{"start":{"line":26,"column":8},"end":{"line":43,"column":null}}]}},"s":{"0":1,"1":1,"2":1,"3":1,"4":0,"5":1},"f":{"0":1},"b":{"0":[1,0,0]}}
,"/home/annietran13/projects/session-tome/resources/mock/character-detail-data.tsx": {"path":"/home/annietran13/projects/session-tome/resources/mock/character-detail-data.tsx","statementMap":{"0":{"start":{"line":1,"column":13},"end":{"line":65,"column":null}}},"fnMap":{},"branchMap":{},"s":{"0":1},"f":{},"b":{}}
}
