{"/home/annietran13/projects/session-tome/resources/js/Pages/Characterdetail/CharacterDetailData.tsx": {"path":"/home/annietran13/projects/session-tome/resources/js/Pages/Characterdetail/CharacterDetailData.tsx","statementMap":{"0":{"start":{"line":1,"column":13},"end":{"line":65,"column":null}}},"fnMap":{},"branchMap":{},"s":{"0":1},"f":{},"b":{}}
,"/home/annietran13/projects/session-tome/resources/js/Pages/Characterdetail/CharacterDetailTable.tsx": {"path":"/home/annietran13/projects/session-tome/resources/js/Pages/Characterdetail/CharacterDetailTable.tsx","statementMap":{"0":{"start":{"line":2,"column":0},"end":{"line":2,"column":37}},"1":{"start":{"line":3,"column":0},"end":{"line":3,"column":null}},"2":{"start":{"line":21,"column":0},"end":{"line":21,"column":55}},"3":{"start":{"line":22,"column":0},"end":{"line":22,"column":51}},"4":{"start":{"line":23,"column":0},"end":{"line":23,"column":51}},"5":{"start":{"line":24,"column":0},"end":{"line":24,"column":63}},"6":{"start":{"line":25,"column":0},"end":{"line":25,"column":42}},"7":{"start":{"line":28,"column":24},"end":{"line":30,"column":2}},"8":{"start":{"line":32,"column":20},"end":{"line":40,"column":2}},"9":{"start":{"line":42,"column":23},"end":{"line":45,"column":2}},"10":{"start":{"line":47,"column":29},"end":{"line":47,"column":null}},"11":{"start":{"line":47,"column":42},"end":{"line":47,"column":66}},"12":{"start":{"line":47,"column":71},"end":{"line":92,"column":null}},"13":{"start":{"line":54,"column":20},"end":{"line":57,"column":null}},"14":{"start":{"line":98,"column":29},"end":{"line":271,"column":1}},"15":{"start":{"line":98,"column":35},"end":{"line":98,"column":66}},"16":{"start":{"line":99,"column":36},"end":{"line":99,"column":67}},"17":{"start":{"line":99,"column":19},"end":{"line":99,"column":21}},"18":{"start":{"line":99,"column":32},"end":{"line":99,"column":36}},"19":{"start":{"line":100,"column":28},"end":{"line":100,"column":45}},"20":{"start":{"line":100,"column":15},"end":{"line":100,"column":17}},"21":{"start":{"line":100,"column":24},"end":{"line":100,"column":28}},"22":{"start":{"line":101,"column":42},"end":{"line":101,"column":59}},"23":{"start":{"line":101,"column":22},"end":{"line":101,"column":24}},"24":{"start":{"line":101,"column":38},"end":{"line":101,"column":42}},"25":{"start":{"line":103,"column":29},"end":{"line":105,"column":5}},"26":{"start":{"line":104,"column":8},"end":{"line":104,"column":null}},"27":{"start":{"line":107,"column":36},"end":{"line":112,"column":5}},"28":{"start":{"line":110,"column":8},"end":{"line":110,"column":null}},"29":{"start":{"line":111,"column":8},"end":{"line":111,"column":null}},"30":{"start":{"line":114,"column":33},"end":{"line":121,"column":5}},"31":{"start":{"line":115,"column":8},"end":{"line":119,"column":null}},"32":{"start":{"line":116,"column":33},"end":{"line":116,"column":56}},"33":{"start":{"line":116,"column":49},"end":{"line":116,"column":56}},"34":{"start":{"line":117,"column":12},"end":{"line":117,"column":null}},"35":{"start":{"line":118,"column":12},"end":{"line":118,"column":18}},"36":{"start":{"line":120,"column":8},"end":{"line":120,"column":null}},"37":{"start":{"line":122,"column":24},"end":{"line":138,"column":5}},"38":{"start":{"line":123,"column":30},"end":{"line":123,"column":52}},"39":{"start":{"line":124,"column":45},"end":{"line":124,"column":47}},"40":{"start":{"line":125,"column":8},"end":{"line":136,"column":null}},"41":{"start":{"line":126,"column":12},"end":{"line":126,"column":null}},"42":{"start":{"line":127,"column":15},"end":{"line":136,"column":null}},"43":{"start":{"line":128,"column":12},"end":{"line":128,"column":null}},"44":{"start":{"line":129,"column":15},"end":{"line":136,"column":null}},"45":{"start":{"line":130,"column":12},"end":{"line":130,"column":null}},"46":{"start":{"line":131,"column":15},"end":{"line":136,"column":null}},"47":{"start":{"line":132,"column":12},"end":{"line":135,"column":null}},"48":{"start":{"line":137,"column":8},"end":{"line":137,"column":null}},"49":{"start":{"line":140,"column":23},"end":{"line":140,"column":49}},"50":{"start":{"line":140,"column":41},"end":{"line":140,"column":null}},"51":{"start":{"line":142,"column":4},"end":{"line":270,"column":null}},"52":{"start":{"line":185,"column":55},"end":{"line":185,"column":75}},"53":{"start":{"line":186,"column":48},"end":{"line":186,"column":82}},"54":{"start":{"line":187,"column":32},"end":{"line":253,"column":null}},"55":{"start":{"line":192,"column":44},"end":{"line":192,"column":null}},"56":{"start":{"line":273,"column":0},"end":{"line":273,"column":null}},"57":{"start":{"line":274,"column":0},"end":{"line":274,"column":null}},"58":{"start":{"line":275,"column":0},"end":{"line":275,"column":null}}},"fnMap":{"0":{"name":"(anonymous_9)","decl":{"start":{"line":47,"column":29},"end":{"line":47,"column":30}},"loc":{"start":{"line":47,"column":66},"end":{"line":47,"column":null}}},"1":{"name":"(anonymous_10)","decl":{"start":{"line":53,"column":25},"end":{"line":53,"column":26}},"loc":{"start":{"line":53,"column":31},"end":{"line":54,"column":25}}},"2":{"name":"(anonymous_11)","decl":{"start":{"line":98,"column":29},"end":{"line":98,"column":30}},"loc":{"start":{"line":98,"column":66},"end":{"line":271,"column":1}}},"3":{"name":"(anonymous_12)","decl":{"start":{"line":103,"column":29},"end":{"line":103,"column":30}},"loc":{"start":{"line":103,"column":61},"end":{"line":105,"column":5}}},"4":{"name":"(anonymous_13)","decl":{"start":{"line":107,"column":36},"end":{"line":107,"column":null}},"loc":{"start":{"line":108,"column":50},"end":{"line":112,"column":5}}},"5":{"name":"(anonymous_14)","decl":{"start":{"line":114,"column":33},"end":{"line":114,"column":34}},"loc":{"start":{"line":114,"column":44},"end":{"line":121,"column":5}}},"6":{"name":"(anonymous_15)","decl":{"start":{"line":116,"column":42},"end":{"line":116,"column":43}},"loc":{"start":{"line":116,"column":44},"end":{"line":116,"column":50}}},"7":{"name":"(anonymous_16)","decl":{"start":{"line":122,"column":24},"end":{"line":122,"column":25}},"loc":{"start":{"line":122,"column":49},"end":{"line":138,"column":5}}},"8":{"name":"(anonymous_17)","decl":{"start":{"line":140,"column":23},"end":{"line":140,"column":24}},"loc":{"start":{"line":140,"column":36},"end":{"line":140,"column":49}}},"9":{"name":"(anonymous_18)","decl":{"start":{"line":184,"column":33},"end":{"line":184,"column":34}},"loc":{"start":{"line":184,"column":61},"end":{"line":254,"column":29}}},"10":{"name":"(anonymous_19)","decl":{"start":{"line":191,"column":49},"end":{"line":191,"column":50}},"loc":{"start":{"line":191,"column":55},"end":{"line":192,"column":55}}}},"branchMap":{"0":{"loc":{"start":{"line":52,"column":16},"end":{"line":52,"column":31}},"type":"binary-expr","locations":[{"start":{"line":52,"column":16},"end":{"line":52,"column":31}},{"start":{"line":52,"column":35},"end":{"line":58,"column":14}}]},"1":{"loc":{"start":{"line":61,"column":12},"end":{"line":67,"column":null}},"type":"cond-expr","locations":[{"start":{"line":61,"column":12},"end":{"line":67,"column":null}},{"start":{"line":69,"column":12},"end":{"line":73,"column":null}}]},"2":{"loc":{"start":{"line":78,"column":12},"end":{"line":88,"column":null}},"type":"cond-expr","locations":[{"start":{"line":78,"column":12},"end":{"line":88,"column":null}},{"start":{"line":90,"column":12},"end":{"line":90,"column":16}}]},"3":{"loc":{"start":{"line":115,"column":8},"end":{"line":119,"column":null}},"type":"if","locations":[{"start":{"line":115,"column":8},"end":{"line":119,"column":null}},{"start":{"line":115,"column":8},"end":{"line":119,"column":null}}]},"4":{"loc":{"start":{"line":125,"column":8},"end":{"line":136,"column":null}},"type":"if","locations":[{"start":{"line":125,"column":8},"end":{"line":136,"column":null}},{"start":{"line":125,"column":8},"end":{"line":136,"column":null}}]},"5":{"loc":{"start":{"line":127,"column":15},"end":{"line":136,"column":null}},"type":"if","locations":[{"start":{"line":127,"column":15},"end":{"line":136,"column":null}},{"start":{"line":127,"column":15},"end":{"line":136,"column":null}}]},"6":{"loc":{"start":{"line":129,"column":15},"end":{"line":136,"column":null}},"type":"if","locations":[{"start":{"line":129,"column":15},"end":{"line":136,"column":null}},{"start":{"line":129,"column":15},"end":{"line":136,"column":null}}]},"7":{"loc":{"start":{"line":131,"column":15},"end":{"line":136,"column":null}},"type":"if","locations":[{"start":{"line":131,"column":15},"end":{"line":136,"column":null}},{"start":{"line":131,"column":15},"end":{"line":136,"column":null}}]},"8":{"loc":{"start":{"line":155,"column":40},"end":{"line":155,"column":59}},"type":"binary-expr","locations":[{"start":{"line":155,"column":40},"end":{"line":155,"column":59}},{"start":{"line":156,"column":40},"end":{"line":156,"column":69}}]},"9":{"loc":{"start":{"line":159,"column":40},"end":{"line":159,"column":55}},"type":"binary-expr","locations":[{"start":{"line":159,"column":40},"end":{"line":159,"column":55}},{"start":{"line":160,"column":40},"end":{"line":160,"column":71}}]}},"s":{"0":1,"1":1,"2":1,"3":1,"4":1,"5":1,"6":1,"7":1,"8":1,"9":1,"10":1,"11":9,"12":9,"13":3,"14":1,"15":9,"16":9,"17":9,"18":9,"19":9,"20":9,"21":9,"22":9,"23":9,"24":9,"25":9,"26":1,"27":9,"28":0,"29":0,"30":9,"31":2,"32":2,"33":14,"34":2,"35":2,"36":0,"37":9,"38":1,"39":1,"40":1,"41":1,"42":0,"43":0,"44":0,"45":0,"46":0,"47":0,"48":1,"49":9,"50":42,"51":9,"52":42,"53":42,"54":42,"55":1,"56":1,"57":1,"58":1},"f":{"0":9,"1":3,"2":9,"3":1,"4":0,"5":2,"6":14,"7":1,"8":42,"9":42,"10":1},"b":{"0":[9,3],"1":[3,6],"2":[3,6],"3":[2,0],"4":[1,0],"5":[0,0],"6":[0,0],"7":[0,0],"8":[9,3],"9":[9,9]}}
}
