TN:
SF:resources/js/Components/index.ts
FN:1,(anonymous_1)
FN:2,(anonymous_2)
FN:5,(anonymous_3)
FN:8,(anonymous_4)
FN:9,(anonymous_5)
FNF:5
FNH:1
FNDA:0,(anonymous_1)
FNDA:0,(anonymous_2)
FNDA:0,(anonymous_3)
FNDA:0,(anonymous_4)
FNDA:7,(anonymous_5)
DA:1,1
DA:2,1
DA:5,1
DA:8,1
DA:9,8
LF:5
LH:5
BRF:0
BRH:0
end_of_record
TN:
SF:resources/js/Components/Authentication/Authentication.tsx
FN:21,(anonymous_10)
FN:49,(anonymous_11)
FNF:2
FNH:0
FNDA:0,(anonymous_10)
FNDA:0,(anonymous_11)
DA:1,1
DA:2,1
DA:3,1
DA:4,1
DA:5,1
DA:6,1
DA:7,1
DA:8,1
DA:10,1
DA:19,1
DA:21,1
DA:22,0
DA:27,0
DA:28,0
DA:29,0
DA:31,0
DA:50,0
DA:75,1
DA:76,1
LF:19
LH:13
BRDA:10,0,0,1
BRDA:10,0,1,1
BRDA:57,1,0,0
BRDA:57,1,1,0
BRF:4
BRH:2
end_of_record
TN:
SF:resources/js/Components/Authentication/AuthenticationForm.tsx
FN:20,(anonymous_1)
FN:27,(anonymous_2)
FN:38,(anonymous_3)
FN:50,(anonymous_4)
FN:63,(anonymous_5)
FN:79,(anonymous_6)
FN:87,(anonymous_7)
FNF:7
FNH:0
FNDA:0,(anonymous_1)
FNDA:0,(anonymous_2)
FNDA:0,(anonymous_3)
FNDA:0,(anonymous_4)
FNDA:0,(anonymous_5)
FNDA:0,(anonymous_6)
FNDA:0,(anonymous_7)
DA:1,1
DA:2,1
DA:20,1
DA:21,0
DA:22,0
DA:23,0
DA:24,0
DA:25,0
DA:27,0
DA:38,0
DA:50,0
DA:56,0
DA:63,0
DA:79,0
DA:87,0
DA:95,1
DA:96,1
LF:17
LH:5
BRDA:57,0,0,0
BRDA:57,0,1,0
BRF:2
BRH:0
end_of_record
TN:
SF:resources/js/Components/Authentication/index.ts
FN:1,(anonymous_1)
FNF:1
FNH:0
FNDA:0,(anonymous_1)
DA:1,1
LF:1
LH:1
BRF:0
BRH:0
end_of_record
TN:
SF:resources/js/Components/CharacterDetail/CharacterDetailBox.tsx
FN:28,(anonymous_1)
FNF:1
FNH:0
FNDA:0,(anonymous_1)
DA:1,1
DA:2,1
DA:3,1
DA:4,1
DA:5,1
DA:6,1
DA:8,1
DA:15,1
DA:20,1
DA:28,1
DA:87,1
DA:88,1
LF:12
LH:12
BRF:0
BRH:0
end_of_record
TN:
SF:resources/js/Components/CharacterDetail/index.ts
FN:1,(anonymous_1)
FNF:1
FNH:0
FNDA:0,(anonymous_1)
DA:1,1
LF:1
LH:1
BRF:0
BRH:0
end_of_record
TN:
SF:resources/js/Components/FactionChip/FactionChip.tsx
FN:8,(anonymous_1)
FNF:1
FNH:0
FNDA:0,(anonymous_1)
DA:1,1
DA:2,1
DA:8,1
DA:10,0
DA:12,0
DA:13,0
DA:16,0
DA:17,0
DA:20,0
DA:21,0
DA:24,0
DA:25,0
DA:28,0
DA:29,0
DA:32,0
DA:34,0
DA:37,1
DA:38,1
LF:18
LH:5
BRDA:11,0,0,0
BRDA:11,0,1,0
BRDA:11,0,2,0
BRDA:11,0,3,0
BRDA:11,0,4,0
BRDA:11,0,5,0
BRF:6
BRH:0
end_of_record
TN:
SF:resources/js/Components/FactionChip/index.ts
FN:1,(anonymous_1)
FNF:1
FNH:0
FNDA:0,(anonymous_1)
DA:1,1
LF:1
LH:1
BRF:0
BRH:0
end_of_record
TN:
SF:resources/js/Components/Table/CharacterDetailTable.tsx
FN:40,(anonymous_7)
FN:45,(anonymous_8)
FN:49,(anonymous_9)
FN:56,(anonymous_10)
FN:58,(anonymous_11)
FN:64,(anonymous_12)
FN:82,(anonymous_13)
FN:126,(anonymous_14)
FN:137,(anonymous_15)
FNF:9
FNH:8
FNDA:7,(anonymous_7)
FNDA:1,(anonymous_8)
FNDA:0,(anonymous_9)
FNDA:1,(anonymous_10)
FNDA:7,(anonymous_11)
FNDA:1,(anonymous_12)
FNDA:32,(anonymous_13)
FNDA:32,(anonymous_14)
FNDA:1,(anonymous_15)
DA:1,1
DA:2,1
DA:16,1
DA:17,1
DA:18,1
DA:19,1
DA:22,1
DA:26,1
DA:40,7
DA:41,7
DA:42,7
DA:43,7
DA:45,7
DA:46,1
DA:49,7
DA:52,0
DA:53,0
DA:56,7
DA:57,1
DA:58,7
DA:59,1
DA:60,1
DA:62,0
DA:64,7
DA:65,1
DA:66,1
DA:67,1
DA:68,1
DA:69,0
DA:70,0
DA:71,0
DA:72,0
DA:73,0
DA:74,0
DA:79,1
DA:82,32
DA:84,7
DA:127,32
DA:128,32
DA:129,32
DA:138,1
DA:217,1
DA:218,1
LF:43
LH:34
BRDA:57,0,0,1
BRDA:57,0,1,0
BRDA:67,1,0,1
BRDA:67,1,1,0
BRDA:69,2,0,0
BRDA:69,2,1,0
BRDA:71,3,0,0
BRDA:71,3,1,0
BRDA:73,4,0,0
BRDA:73,4,1,0
BRDA:97,5,0,7
BRDA:97,5,1,2
BRDA:101,6,0,7
BRDA:101,6,1,7
BRF:14
BRH:6
end_of_record
TN:
SF:resources/js/Components/Table/TableToolbar.tsx
FN:13,(anonymous_3)
FN:19,(anonymous_4)
FNF:2
FNH:2
FNDA:7,(anonymous_3)
FNDA:2,(anonymous_4)
DA:1,1
DA:2,1
DA:10,1
DA:11,1
DA:13,7
DA:20,2
DA:60,1
DA:61,1
LF:8
LH:8
BRDA:18,0,0,7
BRDA:18,0,1,2
BRDA:27,1,0,2
BRDA:27,1,1,5
BRDA:44,2,0,2
BRDA:44,2,1,5
BRF:6
BRH:6
end_of_record
TN:
SF:resources/js/Components/Table/index.ts
FN:1,(anonymous_1)
FN:2,(anonymous_2)
FNF:2
FNH:1
FNDA:0,(anonymous_1)
FNDA:7,(anonymous_2)
DA:1,1
DA:2,8
LF:2
LH:2
BRF:0
BRH:0
end_of_record
TN:
SF:resources/js/Utils/theme.ts
FN:5,(anonymous_0)
FNF:1
FNH:1
FNDA:1,(anonymous_0)
DA:1,1
DA:5,1
DA:6,1
DA:8,1
DA:27,0
LF:5
LH:4
BRDA:7,0,0,1
BRDA:7,0,1,0
BRDA:7,0,2,0
BRF:3
BRH:1
end_of_record
TN:
SF:resources/mock/character-detail-data.tsx
FNF:0
FNH:0
DA:1,1
LF:1
LH:1
BRF:0
BRH:0
end_of_record
