TN:
SF:resources/js/Pages/Characterdetail/CharacterDetailData.tsx
FNF:0
FNH:0
DA:1,1
LF:1
LH:1
BRF:0
BRH:0
end_of_record
TN:
SF:resources/js/Pages/Characterdetail/CharacterDetailTable.tsx
FN:47,(anonymous_9)
FN:53,(anonymous_10)
FN:98,(anonymous_11)
FN:103,(anonymous_12)
FN:107,(anonymous_13)
FN:114,(anonymous_14)
FN:116,(anonymous_15)
FN:122,(anonymous_16)
FN:140,(anonymous_17)
FN:184,(anonymous_18)
FN:191,(anonymous_19)
FNF:11
FNH:10
FNDA:9,(anonymous_9)
FNDA:3,(anonymous_10)
FNDA:9,(anonymous_11)
FNDA:1,(anonymous_12)
FNDA:0,(anonymous_13)
FNDA:2,(anonymous_14)
FNDA:14,(anonymous_15)
FNDA:1,(anonymous_16)
FNDA:42,(anonymous_17)
FNDA:42,(anonymous_18)
FNDA:1,(anonymous_19)
DA:2,1
DA:3,1
DA:21,1
DA:22,1
DA:23,1
DA:24,1
DA:25,1
DA:28,1
DA:32,1
DA:42,1
DA:47,9
DA:54,3
DA:98,9
DA:99,9
DA:100,9
DA:101,9
DA:103,9
DA:104,1
DA:107,9
DA:110,0
DA:111,0
DA:114,9
DA:115,2
DA:116,14
DA:117,2
DA:118,2
DA:120,0
DA:122,9
DA:123,1
DA:124,1
DA:125,1
DA:126,1
DA:127,0
DA:128,0
DA:129,0
DA:130,0
DA:131,0
DA:132,0
DA:137,1
DA:140,42
DA:142,9
DA:185,42
DA:186,42
DA:187,42
DA:192,1
DA:273,1
DA:274,1
DA:275,1
LF:48
LH:39
BRDA:52,0,0,9
BRDA:52,0,1,3
BRDA:61,1,0,3
BRDA:61,1,1,6
BRDA:78,2,0,3
BRDA:78,2,1,6
BRDA:115,3,0,2
BRDA:115,3,1,0
BRDA:125,4,0,1
BRDA:125,4,1,0
BRDA:127,5,0,0
BRDA:127,5,1,0
BRDA:129,6,0,0
BRDA:129,6,1,0
BRDA:131,7,0,0
BRDA:131,7,1,0
BRDA:155,8,0,9
BRDA:155,8,1,3
BRDA:159,9,0,9
BRDA:159,9,1,9
BRF:20
BRH:12
end_of_record
